{
  "0 debug pnpm:scope": {
    "selected": 1
  },
  "1 error pnpm": {
    "errno": 1,
    "code": "ELIFECYCLE",
    "pkgid": "@hyhan-cli/utils@1.0.0",
    "stage": "test",
    "script": "echo \"Error: run tests from root\" && exit 1",
    "pkgname": "@hyhan-cli/utils",
    "err": {
      "name": "pnpm",
      "message": "@hyhan-cli/utils@1.0.0 test: `echo \"Error: run tests from root\" && exit 1`\nExit status 1",
      "code": "ELIFECYCLE",
      "stack": "pnpm: @hyhan-cli/utils@1.0.0 test: `echo \"Error: run tests from root\" && exit 1`\nExit status 1\n    at EventEmitter.<anonymous> (/Users/hi/pnpm-global/5/node_modules/.pnpm/pnpm@6.32.8/node_modules/pnpm/dist/pnpm.cjs:105794:20)\n    at EventEmitter.emit (node:events:390:28)\n    at ChildProcess.<anonymous> (/Users/hi/pnpm-global/5/node_modules/.pnpm/pnpm@6.32.8/node_modules/pnpm/dist/pnpm.cjs:92355:18)\n    at ChildProcess.emit (node:events:390:28)\n    at maybeClose (node:internal/child_process:1064:16)\n    at Process.ChildProcess._handle.onexit (node:internal/child_process:301:5)"
    }
  },
  "2 warn pnpm:global": " Local package.json exists, but node_modules missing, did you mean to install?"
}